2026-04-09 13:02:51 [restartedMain] INFO  c.p.a.PretorSportBackendApplication - Starting PretorSportBackendApplication using Java 17.0.12 with PID 25164 (C:\Users\Ben\OneDrive\Desktop\repos\pretor-sport-app\com.pretor-sport.app\com.pretor-sport.app\target\classes started by Ben in C:\Users\Ben\OneDrive\Desktop\repos\pretor-sport-app\com.pretor-sport.app\com.pretor-sport.app)
2026-04-09 13:02:51 [restartedMain] DEBUG c.p.a.PretorSportBackendApplication - Running with Spring Boot v3.5.4, Spring v6.2.9
2026-04-09 13:02:51 [restartedMain] INFO  c.p.a.PretorSportBackendApplication - No active profile set, falling back to 1 default profile: "default"
2026-04-09 13:02:52 [restartedMain] INFO  o.s.b.d.e.DevToolsPropertyDefaultsPostProcessor - Devtools property defaults active! Set 'spring.devtools.add-properties' to 'false' to disable
2026-04-09 13:02:52 [restartedMain] INFO  o.s.b.d.e.DevToolsPropertyDefaultsPostProcessor - For additional web related logging consider setting the 'logging.level.web' property to 'DEBUG'
2026-04-09 13:02:52 [restartedMain] INFO  o.s.d.r.c.RepositoryConfigurationDelegate - Bootstrapping Spring Data JPA repositories in DEFAULT mode.
2026-04-09 13:02:52 [restartedMain] INFO  o.s.d.r.c.RepositoryConfigurationDelegate - Finished Spring Data repository scanning in 63 ms. Found 7 JPA repository interfaces.
2026-04-09 13:02:53 [restartedMain] INFO  o.s.b.w.e.tomcat.TomcatWebServer - Tomcat initialized with port 8080 (http)
2026-04-09 13:02:53 [restartedMain] INFO  o.a.catalina.core.StandardService - Starting service [Tomcat]
2026-04-09 13:02:53 [restartedMain] INFO  o.a.catalina.core.StandardEngine - Starting Servlet engine: [Apache Tomcat/10.1.43]
2026-04-09 13:02:53 [restartedMain] INFO  o.a.c.c.C.[.[localhost].[/api] - Initializing Spring embedded WebApplicationContext
2026-04-09 13:02:53 [restartedMain] INFO  o.s.b.w.s.c.ServletWebServerApplicationContext - Root WebApplicationContext: initialization completed in 1777 ms
2026-04-09 13:02:53 [restartedMain] INFO  o.h.jpa.internal.util.LogHelper - HHH000204: Processing PersistenceUnitInfo [name: default]
2026-04-09 13:02:53 [restartedMain] INFO  org.hibernate.Version - HHH000412: Hibernate ORM core version 6.6.22.Final
2026-04-09 13:02:54 [restartedMain] INFO  o.h.c.i.RegionFactoryInitiator - HHH000026: Second-level cache disabled
2026-04-09 13:02:54 [restartedMain] INFO  o.s.o.j.p.SpringPersistenceUnitInfo - No LoadTimeWeaver setup: ignoring JPA class transformer
2026-04-09 13:02:54 [restartedMain] INFO  com.zaxxer.hikari.HikariDataSource - HikariPool-1 - Starting...
2026-04-09 13:02:54 [restartedMain] INFO  com.zaxxer.hikari.pool.HikariPool - HikariPool-1 - Added connection org.postgresql.jdbc.PgConnection@70f04e4b
2026-04-09 13:02:54 [restartedMain] INFO  com.zaxxer.hikari.HikariDataSource - HikariPool-1 - Start completed.
2026-04-09 13:02:54 [restartedMain] WARN  org.hibernate.orm.deprecation - HHH90000025: PostgreSQLDialect does not need to be specified explicitly using 'hibernate.dialect' (remove the property setting and it will be selected by default)
2026-04-09 13:02:54 [restartedMain] INFO  o.hibernate.orm.connections.pooling - HHH10001005: Database info:
	Database JDBC URL [Connecting through datasource 'HikariDataSource (HikariPool-1)']
	Database driver: undefined/unknown
	Database version: 17.0
	Autocommit mode: undefined/unknown
	Isolation level: undefined/unknown
	Minimum pool size: undefined/unknown
	Maximum pool size: undefined/unknown
2026-04-09 13:02:58 [restartedMain] INFO  o.h.e.t.j.p.i.JtaPlatformInitiator - HHH000489: No JTA platform available (set 'hibernate.transaction.jta.platform' to enable JTA platform integration)
2026-04-09 13:02:59 [restartedMain] INFO  o.s.o.j.LocalContainerEntityManagerFactoryBean - Initialized JPA EntityManagerFactory for persistence unit 'default'
2026-04-09 13:03:00 [restartedMain] INFO  o.s.d.j.r.query.QueryEnhancerFactory - Hibernate is in classpath; If applicable, HQL parser will be used.
2026-04-09 13:03:04 [restartedMain] DEBUG c.p.a.s.JwtAuthenticationFilter - Filter 'jwtAuthenticationFilter' configured for use
2026-04-09 13:03:04 [restartedMain] INFO  o.s.s.c.a.a.c.InitializeAuthenticationProviderBeanManagerConfigurer$InitializeAuthenticationProviderManagerConfigurer - Global AuthenticationManager configured with AuthenticationProvider bean with name authenticationProvider
2026-04-09 13:03:04 [restartedMain] WARN  o.s.s.c.a.a.c.InitializeUserDetailsBeanManagerConfigurer$InitializeUserDetailsManagerConfigurer - Global AuthenticationManager configured with an AuthenticationProvider bean. UserDetailsService beans will not be used by Spring Security for automatically configuring username/password login. Consider removing the AuthenticationProvider bean. Alternatively, consider using the UserDetailsService in a manually instantiated DaoAuthenticationProvider. If the current configuration is intentional, to turn off this warning, increase the logging level of 'org.springframework.security.config.annotation.authentication.configuration.InitializeUserDetailsBeanManagerConfigurer' to ERROR
2026-04-09 13:03:06 [restartedMain] WARN  o.s.b.a.o.j.JpaBaseConfiguration$JpaWebConfiguration - spring.jpa.open-in-view is enabled by default. Therefore, database queries may be performed during view rendering. Explicitly configure spring.jpa.open-in-view to disable this warning
2026-04-09 13:03:06 [restartedMain] DEBUG o.s.w.s.m.m.a.RequestMappingHandlerMapping - 28 mappings in 'requestMappingHandlerMapping'
2026-04-09 13:03:06 [restartedMain] DEBUG o.s.w.s.h.SimpleUrlHandlerMapping - Patterns [/webjars/**, /**, /images/**] in 'resourceHandlerMapping'
2026-04-09 13:03:07 [restartedMain] DEBUG o.s.s.web.DefaultSecurityFilterChain - Will secure any request with filters: DisableEncodeUrlFilter, WebAsyncManagerIntegrationFilter, SecurityContextHolderFilter, HeaderWriterFilter, CorsFilter, LogoutFilter, JwtAuthenticationFilter, RequestCacheAwareFilter, SecurityContextHolderAwareRequestFilter, AnonymousAuthenticationFilter, SessionManagementFilter, ExceptionTranslationFilter, AuthorizationFilter
2026-04-09 13:03:07 [restartedMain] DEBUG o.s.w.s.m.m.a.RequestMappingHandlerAdapter - ControllerAdvice beans: 0 @ModelAttribute, 0 @InitBinder, 1 RequestBodyAdvice, 1 ResponseBodyAdvice
2026-04-09 13:03:07 [restartedMain] DEBUG o.s.w.s.m.m.a.ExceptionHandlerExceptionResolver - ControllerAdvice beans: 1 @ExceptionHandler, 1 ResponseBodyAdvice
2026-04-09 13:03:08 [restartedMain] INFO  o.s.b.d.a.OptionalLiveReloadServer - LiveReload server is running on port 35729
2026-04-09 13:03:08 [restartedMain] INFO  o.s.b.w.e.tomcat.TomcatWebServer - Tomcat started on port 8080 (http) with context path '/api'
2026-04-09 13:03:08 [restartedMain] INFO  c.p.a.PretorSportBackendApplication - Started PretorSportBackendApplication in 16.675 seconds (process running for 17.06)
2026-04-09 13:03:23 [http-nio-8080-exec-3] INFO  o.a.c.c.C.[.[localhost].[/api] - Initializing Spring DispatcherServlet 'dispatcherServlet'
2026-04-09 13:03:23 [http-nio-8080-exec-3] INFO  o.s.web.servlet.DispatcherServlet - Initializing Servlet 'dispatcherServlet'
2026-04-09 13:03:23 [http-nio-8080-exec-3] DEBUG o.s.web.servlet.DispatcherServlet - Detected StandardServletMultipartResolver
2026-04-09 13:03:23 [http-nio-8080-exec-3] DEBUG o.s.web.servlet.DispatcherServlet - Detected AcceptHeaderLocaleResolver
2026-04-09 13:03:23 [http-nio-8080-exec-3] DEBUG o.s.web.servlet.DispatcherServlet - Detected FixedThemeResolver
2026-04-09 13:03:23 [http-nio-8080-exec-3] DEBUG o.s.web.servlet.DispatcherServlet - Detected org.springframework.web.servlet.view.DefaultRequestToViewNameTranslator@69951421
2026-04-09 13:03:23 [http-nio-8080-exec-3] DEBUG o.s.web.servlet.DispatcherServlet - Detected org.springframework.web.servlet.support.SessionFlashMapManager@100af8db
2026-04-09 13:03:23 [http-nio-8080-exec-3] DEBUG o.s.web.servlet.DispatcherServlet - enableLoggingRequestDetails='false': request parameters and headers will be masked to prevent unsafe logging of potentially sensitive data
2026-04-09 13:03:23 [http-nio-8080-exec-3] INFO  o.s.web.servlet.DispatcherServlet - Completed initialization in 3 ms
2026-04-09 13:03:23 [http-nio-8080-exec-1] DEBUG o.s.security.web.FilterChainProxy - Securing GET /productos?ordenarPor=descuento&direccion=desc&tamanoPagina=8&pagina=0
2026-04-09 13:03:23 [http-nio-8080-exec-2] DEBUG o.s.security.web.FilterChainProxy - Securing GET /productos?ordenarPor=popularidad&direccion=desc&tamanoPagina=8&pagina=0
2026-04-09 13:03:23 [http-nio-8080-exec-3] DEBUG o.s.security.web.FilterChainProxy - Securing GET /productos?tamanoPagina=12&pagina=0
2026-04-09 13:03:23 [http-nio-8080-exec-3] DEBUG o.s.s.w.a.AnonymousAuthenticationFilter - Set SecurityContextHolder to anonymous SecurityContext
2026-04-09 13:03:23 [http-nio-8080-exec-1] DEBUG o.s.s.w.a.AnonymousAuthenticationFilter - Set SecurityContextHolder to anonymous SecurityContext
2026-04-09 13:03:23 [http-nio-8080-exec-2] DEBUG o.s.s.w.a.AnonymousAuthenticationFilter - Set SecurityContextHolder to anonymous SecurityContext
2026-04-09 13:03:23 [http-nio-8080-exec-1] DEBUG o.s.security.web.FilterChainProxy - Secured GET /productos?ordenarPor=descuento&direccion=desc&tamanoPagina=8&pagina=0
2026-04-09 13:03:23 [http-nio-8080-exec-2] DEBUG o.s.security.web.FilterChainProxy - Secured GET /productos?ordenarPor=popularidad&direccion=desc&tamanoPagina=8&pagina=0
2026-04-09 13:03:23 [http-nio-8080-exec-3] DEBUG o.s.security.web.FilterChainProxy - Secured GET /productos?tamanoPagina=12&pagina=0
2026-04-09 13:03:23 [http-nio-8080-exec-3] DEBUG o.s.web.servlet.DispatcherServlet - GET "/api/productos?tamanoPagina=12&pagina=0", parameters={masked}
2026-04-09 13:03:23 [http-nio-8080-exec-1] DEBUG o.s.web.servlet.DispatcherServlet - GET "/api/productos?ordenarPor=descuento&direccion=desc&tamanoPagina=8&pagina=0", parameters={masked}
2026-04-09 13:03:23 [http-nio-8080-exec-2] DEBUG o.s.web.servlet.DispatcherServlet - GET "/api/productos?ordenarPor=popularidad&direccion=desc&tamanoPagina=8&pagina=0", parameters={masked}
2026-04-09 13:03:23 [http-nio-8080-exec-3] DEBUG o.s.w.s.m.m.a.RequestMappingHandlerMapping - Mapped to com.pretor_sport.app.controller.ProductoController#listarProductos(String, List, String, String, String, List, List, String, List, Boolean, String, String, String, String, Integer, Integer)
2026-04-09 13:03:23 [http-nio-8080-exec-1] DEBUG o.s.w.s.m.m.a.RequestMappingHandlerMapping - Mapped to com.pretor_sport.app.controller.ProductoController#listarProductos(String, List, String, String, String, List, List, String, List, Boolean, String, String, String, String, Integer, Integer)
2026-04-09 13:03:23 [http-nio-8080-exec-2] DEBUG o.s.w.s.m.m.a.RequestMappingHandlerMapping - Mapped to com.pretor_sport.app.controller.ProductoController#listarProductos(String, List, String, String, String, List, List, String, List, Boolean, String, String, String, String, Integer, Integer)
2026-04-09 13:03:23 [http-nio-8080-exec-2] DEBUG c.p.a.controller.ProductoController - Listando productos con filtros - pßgina: 0, tama±o: 8
2026-04-09 13:03:23 [http-nio-8080-exec-3] DEBUG c.p.a.controller.ProductoController - Listando productos con filtros - pßgina: 0, tama±o: 12
2026-04-09 13:03:23 [http-nio-8080-exec-1] DEBUG c.p.a.controller.ProductoController - Listando productos con filtros - pßgina: 0, tama±o: 8
2026-04-09 13:03:23 [http-nio-8080-exec-3] DEBUG c.p.app.service.ProductoService - Listando productos con filtros: ProductoFilterDTO(busqueda=null, categoriaIds=null, marca=null, precioMin=null, precioMax=null, tallas=null, colores=null, genero=null, materiales=null, soloDisponibles=true, pesoMin=null, pesoMax=null, ordenarPor=nombre, direccion=asc, pagina=0, tamanoPagina=12)
2026-04-09 13:03:23 [http-nio-8080-exec-2] DEBUG c.p.app.service.ProductoService - Listando productos con filtros: ProductoFilterDTO(busqueda=null, categoriaIds=null, marca=null, precioMin=null, precioMax=null, tallas=null, colores=null, genero=null, materiales=null, soloDisponibles=true, pesoMin=null, pesoMax=null, ordenarPor=popularidad, direccion=desc, pagina=0, tamanoPagina=8)
2026-04-09 13:03:23 [http-nio-8080-exec-1] DEBUG c.p.app.service.ProductoService - Listando productos con filtros: ProductoFilterDTO(busqueda=null, categoriaIds=null, marca=null, precioMin=null, precioMax=null, tallas=null, colores=null, genero=null, materiales=null, soloDisponibles=true, pesoMin=null, pesoMax=null, ordenarPor=descuento, direccion=desc, pagina=0, tamanoPagina=8)
2026-04-09 13:03:23 [http-nio-8080-exec-1] DEBUG org.hibernate.SQL - 
    /* SELECT
        p 
    FROM
        Producto p 
    WHERE
        (
            :busqueda IS NULL 
            OR p.nombre LIKE :busqueda_1 
            OR p.descripcion LIKE :busqueda_1
        ) 
        AND (
            :categoriaIds IS NULL 
            OR p.categoria.id IN :categoriaIds_1
        ) 
        AND (
            :marca IS NULL 
            OR p.marca LIKE :marca_1
        ) 
        AND (
            :precioMin IS NULL 
            OR p.precio >= :precioMin
        ) 
        AND (
            :precioMax IS NULL 
            OR p.precio <= :precioMax
        ) 
        AND (
            :tallas IS NULL 
            OR p.talla IN :tallas_1
        ) 
        AND (
            :colores IS NULL 
            OR p.color IN :colores_1
        ) 
        AND (
            :genero IS NULL 
            OR p.genero = :genero
        ) 
        AND (
            :materiales IS NULL 
            OR p.material IN :materiales_1
        ) 
        AND (
            :soloDisponibles = false 
            OR (
                p.activo = true 
                AND p.stock > 0
            )
        ) 
        AND (
            :pesoMin IS NULL 
            OR p.peso >= :pesoMin
        ) 
        AND (
            :pesoMax IS NULL 
            OR p.peso <= :pesoMax
        ) 
    order by
        p.nombre desc */ select
            p1_0.id,
            p1_0.activo,
            p1_0.categoria_id,
            p1_0.color,
            p1_0.descripcion,
            p1_0.fecha_actualizacion,
            p1_0.fecha_creacion,
            p1_0.genero,
            p1_0.imagen_url,
            p1_0.marca,
            p1_0.material,
            p1_0.modelo,
            p1_0.nombre,
            p1_0.peso,
            p1_0.precio,
            p1_0.proveedor_id,
            p1_0.stock,
            p1_0.talla 
        from
            productos p1_0 
        where
            (
                ? is null 
                or p1_0.nombre like ? escape '' 
                or p1_0.descripcion like ? escape ''
            ) 
            and (
                ? is null 
                or p1_0.categoria_id in (?)
            ) 
            and (
                ? is null 
                or p1_0.marca like ? escape ''
            ) 
            and (
                ? is null 
                or p1_0.precio>=?
            ) 
            and (
                ? is null 
                or p1_0.precio<=?
            ) 
            and (
                ? is null 
                or p1_0.talla in (?)
            ) 
            and (
                ? is null 
                or p1_0.color in (?)
            ) 
            and (
                ? is null 
                or p1_0.genero=?
            ) 
            and (
                ? is null 
                or p1_0.material in (?)
            ) 
            and (
                ?=false 
                or (
                    p1_0.activo=true 
                    and p1_0.stock>0
                )
            ) 
            and (
                ? is null 
                or p1_0.peso>=?
            ) 
            and (
                ? is null 
                or p1_0.peso<=?
            ) 
        order by
            p1_0.nombre desc 
        fetch
            first ? rows only
2026-04-09 13:03:23 [http-nio-8080-exec-2] DEBUG org.hibernate.SQL - 
    /* SELECT
        p 
    FROM
        Producto p 
    WHERE
        (
            :busqueda IS NULL 
            OR p.nombre LIKE :busqueda_1 
            OR p.descripcion LIKE :busqueda_1
        ) 
        AND (
            :categoriaIds IS NULL 
            OR p.categoria.id IN :categoriaIds_1
        ) 
        AND (
            :marca IS NULL 
            OR p.marca LIKE :marca_1
        ) 
        AND (
            :precioMin IS NULL 
            OR p.precio >= :precioMin
        ) 
        AND (
            :precioMax IS NULL 
            OR p.precio <= :precioMax
        ) 
        AND (
            :tallas IS NULL 
            OR p.talla IN :tallas_1
        ) 
        AND (
            :colores IS NULL 
            OR p.color IN :colores_1
        ) 
        AND (
            :genero IS NULL 
            OR p.genero = :genero
        ) 
        AND (
            :materiales IS NULL 
            OR p.material IN :materiales_1
        ) 
        AND (
            :soloDisponibles = false 
            OR (
                p.activo = true 
                AND p.stock > 0
            )
        ) 
        AND (
            :pesoMin IS NULL 
            OR p.peso >= :pesoMin
        ) 
        AND (
            :pesoMax IS NULL 
            OR p.peso <= :pesoMax
        ) 
    order by
        p.nombre desc */ select
            p1_0.id,
            p1_0.activo,
            p1_0.categoria_id,
            p1_0.color,
            p1_0.descripcion,
            p1_0.fecha_actualizacion,
            p1_0.fecha_creacion,
            p1_0.genero,
            p1_0.imagen_url,
            p1_0.marca,
            p1_0.material,
            p1_0.modelo,
            p1_0.nombre,
            p1_0.peso,
            p1_0.precio,
            p1_0.proveedor_id,
            p1_0.stock,
            p1_0.talla 
        from
            productos p1_0 
        where
            (
                ? is null 
                or p1_0.nombre like ? escape '' 
                or p1_0.descripcion like ? escape ''
            ) 
            and (
                ? is null 
                or p1_0.categoria_id in (?)
            ) 
            and (
                ? is null 
                or p1_0.marca like ? escape ''
            ) 
            and (
                ? is null 
                or p1_0.precio>=?
            ) 
            and (
                ? is null 
                or p1_0.precio<=?
            ) 
            and (
                ? is null 
                or p1_0.talla in (?)
            ) 
            and (
                ? is null 
                or p1_0.color in (?)
            ) 
            and (
                ? is null 
                or p1_0.genero=?
            ) 
            and (
                ? is null 
                or p1_0.material in (?)
            ) 
            and (
                ?=false 
                or (
                    p1_0.activo=true 
                    and p1_0.stock>0
                )
            ) 
            and (
                ? is null 
                or p1_0.peso>=?
            ) 
            and (
                ? is null 
                or p1_0.peso<=?
            ) 
        order by
            p1_0.nombre desc 
        fetch
            first ? rows only
2026-04-09 13:03:23 [http-nio-8080-exec-3] DEBUG org.hibernate.SQL - 
    /* SELECT
        p 
    FROM
        Producto p 
    WHERE
        (
            :busqueda IS NULL 
            OR p.nombre LIKE :busqueda_1 
            OR p.descripcion LIKE :busqueda_1
        ) 
        AND (
            :categoriaIds IS NULL 
            OR p.categoria.id IN :categoriaIds_1
        ) 
        AND (
            :marca IS NULL 
            OR p.marca LIKE :marca_1
        ) 
        AND (
            :precioMin IS NULL 
            OR p.precio >= :precioMin
        ) 
        AND (
            :precioMax IS NULL 
            OR p.precio <= :precioMax
        ) 
        AND (
            :tallas IS NULL 
            OR p.talla IN :tallas_1
        ) 
        AND (
            :colores IS NULL 
            OR p.color IN :colores_1
        ) 
        AND (
            :genero IS NULL 
            OR p.genero = :genero
        ) 
        AND (
            :materiales IS NULL 
            OR p.material IN :materiales_1
        ) 
        AND (
            :soloDisponibles = false 
            OR (
                p.activo = true 
                AND p.stock > 0
            )
        ) 
        AND (
            :pesoMin IS NULL 
            OR p.peso >= :pesoMin
        ) 
        AND (
            :pesoMax IS NULL 
            OR p.peso <= :pesoMax
        ) 
    order by
        p.nombre asc */ select
            p1_0.id,
            p1_0.activo,
            p1_0.categoria_id,
            p1_0.color,
            p1_0.descripcion,
            p1_0.fecha_actualizacion,
            p1_0.fecha_creacion,
            p1_0.genero,
            p1_0.imagen_url,
            p1_0.marca,
            p1_0.material,
            p1_0.modelo,
            p1_0.nombre,
            p1_0.peso,
            p1_0.precio,
            p1_0.proveedor_id,
            p1_0.stock,
            p1_0.talla 
        from
            productos p1_0 
        where
            (
                ? is null 
                or p1_0.nombre like ? escape '' 
                or p1_0.descripcion like ? escape ''
            ) 
            and (
                ? is null 
                or p1_0.categoria_id in (?)
            ) 
            and (
                ? is null 
                or p1_0.marca like ? escape ''
            ) 
            and (
                ? is null 
                or p1_0.precio>=?
            ) 
            and (
                ? is null 
                or p1_0.precio<=?
            ) 
            and (
                ? is null 
                or p1_0.talla in (?)
            ) 
            and (
                ? is null 
                or p1_0.color in (?)
            ) 
            and (
                ? is null 
                or p1_0.genero=?
            ) 
            and (
                ? is null 
                or p1_0.material in (?)
            ) 
            and (
                ?=false 
                or (
                    p1_0.activo=true 
                    and p1_0.stock>0
                )
            ) 
            and (
                ? is null 
                or p1_0.peso>=?
            ) 
            and (
                ? is null 
                or p1_0.peso<=?
            ) 
        order by
            p1_0.nombre 
        fetch
            first ? rows only
2026-04-09 13:03:23 [http-nio-8080-exec-2] DEBUG org.hibernate.SQL - 
    select
        c1_0.id,
        c1_0.activa,
        c1_0.descripcion,
        c1_0.fecha_actualizacion,
        c1_0.fecha_creacion,
        c1_0.icono_url,
        c1_0.nombre,
        c1_0.orden,
        c1_0.tipo 
    from
        categorias c1_0 
    where
        c1_0.id=?
2026-04-09 13:03:23 [http-nio-8080-exec-1] DEBUG org.hibernate.SQL - 
    select
        c1_0.id,
        c1_0.activa,
        c1_0.descripcion,
        c1_0.fecha_actualizacion,
        c1_0.fecha_creacion,
        c1_0.icono_url,
        c1_0.nombre,
        c1_0.orden,
        c1_0.tipo 
    from
        categorias c1_0 
    where
        c1_0.id=?
2026-04-09 13:03:23 [http-nio-8080-exec-3] DEBUG org.hibernate.SQL - 
    select
        c1_0.id,
        c1_0.activa,
        c1_0.descripcion,
        c1_0.fecha_actualizacion,
        c1_0.fecha_creacion,
        c1_0.icono_url,
        c1_0.nombre,
        c1_0.orden,
        c1_0.tipo 
    from
        categorias c1_0 
    where
        c1_0.id=?
2026-04-09 13:03:23 [http-nio-8080-exec-2] DEBUG org.hibernate.SQL - 
    select
        p1_0.id,
        p1_0.direccion,
        p1_0.email,
        p1_0.nombre,
        p1_0.ruc,
        p1_0.telefono 
    from
        proveedores p1_0 
    where
        p1_0.id=?
2026-04-09 13:03:23 [http-nio-8080-exec-1] DEBUG org.hibernate.SQL - 
    select
        p1_0.id,
        p1_0.direccion,
        p1_0.email,
        p1_0.nombre,
        p1_0.ruc,
        p1_0.telefono 
    from
        proveedores p1_0 
    where
        p1_0.id=?
2026-04-09 13:03:23 [http-nio-8080-exec-3] DEBUG org.hibernate.SQL - 
    select
        p1_0.id,
        p1_0.direccion,
        p1_0.email,
        p1_0.nombre,
        p1_0.ruc,
        p1_0.telefono 
    from
        proveedores p1_0 
    where
        p1_0.id=?
2026-04-09 13:03:23 [http-nio-8080-exec-2] WARN  o.s.d.w.c.SpringDataJacksonConfiguration$PageModule$WarningLoggingModifier - Serializing PageImpl instances as-is is not supported, meaning that there is no guarantee about the stability of the resulting JSON structure!
	For a stable JSON structure, please use Spring Data's PagedModel (globally via @EnableSpringDataWebSupport(pageSerializationMode = VIA_DTO))
	or Spring HATEOAS and Spring Data's PagedResourcesAssembler as documented in https://docs.spring.io/spring-data/commons/reference/repositories/core-extensions.html#core.web.pageables.

2026-04-09 13:03:23 [http-nio-8080-exec-2] DEBUG o.s.w.s.m.m.a.HttpEntityMethodProcessor - Using 'application/json', given [application/json, text/plain, */*] and supported [application/json, application/*+json]
2026-04-09 13:03:23 [http-nio-8080-exec-1] DEBUG o.s.w.s.m.m.a.HttpEntityMethodProcessor - Using 'application/json', given [application/json, text/plain, */*] and supported [application/json, application/*+json]
2026-04-09 13:03:23 [http-nio-8080-exec-3] DEBUG o.s.w.s.m.m.a.HttpEntityMethodProcessor - Using 'application/json', given [application/json, text/plain, */*] and supported [application/json, application/*+json]
2026-04-09 13:03:23 [http-nio-8080-exec-3] DEBUG o.s.w.s.m.m.a.HttpEntityMethodProcessor - Writing [Page 1 of 1 containing com.pretor_sport.app.dto.response.ProductoResponseDTO instances]
2026-04-09 13:03:23 [http-nio-8080-exec-1] DEBUG o.s.w.s.m.m.a.HttpEntityMethodProcessor - Writing [Page 1 of 1 containing com.pretor_sport.app.dto.response.ProductoResponseDTO instances]
2026-04-09 13:03:23 [http-nio-8080-exec-2] DEBUG o.s.w.s.m.m.a.HttpEntityMethodProcessor - Writing [Page 1 of 1 containing com.pretor_sport.app.dto.response.ProductoResponseDTO instances]
2026-04-09 13:03:23 [http-nio-8080-exec-3] DEBUG org.hibernate.SQL - 
    select
        c1_0.producto_id,
        c1_0.caracteristica 
    from
        producto_caracteristicas c1_0 
    where
        c1_0.producto_id=?
2026-04-09 13:03:23 [http-nio-8080-exec-2] DEBUG org.hibernate.SQL - 
    select
        c1_0.producto_id,
        c1_0.caracteristica 
    from
        producto_caracteristicas c1_0 
    where
        c1_0.producto_id=?
2026-04-09 13:03:23 [http-nio-8080-exec-1] DEBUG org.hibernate.SQL - 
    select
        c1_0.producto_id,
        c1_0.caracteristica 
    from
        producto_caracteristicas c1_0 
    where
        c1_0.producto_id=?
2026-04-09 13:03:23 [http-nio-8080-exec-2] DEBUG org.hibernate.SQL - 
    select
        c1_0.producto_id,
        c1_0.caracteristica 
    from
        producto_caracteristicas c1_0 
    where
        c1_0.producto_id=?
2026-04-09 13:03:23 [http-nio-8080-exec-1] DEBUG org.hibernate.SQL - 
    select
        c1_0.producto_id,
        c1_0.caracteristica 
    from
        producto_caracteristicas c1_0 
    where
        c1_0.producto_id=?
2026-04-09 13:03:23 [http-nio-8080-exec-3] DEBUG org.hibernate.SQL - 
    select
        c1_0.producto_id,
        c1_0.caracteristica 
    from
        producto_caracteristicas c1_0 
    where
        c1_0.producto_id=?
2026-04-09 13:03:23 [http-nio-8080-exec-3] DEBUG o.s.web.servlet.DispatcherServlet - Completed 200 OK
2026-04-09 13:03:23 [http-nio-8080-exec-1] DEBUG o.s.web.servlet.DispatcherServlet - Completed 200 OK
2026-04-09 13:03:23 [http-nio-8080-exec-2] DEBUG o.s.web.servlet.DispatcherServlet - Completed 200 OK
2026-04-09 13:03:33 [http-nio-8080-exec-4] DEBUG o.s.security.web.FilterChainProxy - Securing GET /cart
2026-04-09 13:03:33 [http-nio-8080-exec-4] DEBUG o.s.s.w.a.AnonymousAuthenticationFilter - Set SecurityContextHolder to anonymous SecurityContext
2026-04-09 13:03:48 [http-nio-8080-exec-5] DEBUG o.s.security.web.FilterChainProxy - Securing OPTIONS /auth/login
2026-04-09 13:03:48 [http-nio-8080-exec-6] DEBUG o.s.security.web.FilterChainProxy - Securing POST /auth/login
2026-04-09 13:03:48 [http-nio-8080-exec-6] DEBUG o.s.s.w.a.AnonymousAuthenticationFilter - Set SecurityContextHolder to anonymous SecurityContext
2026-04-09 13:03:48 [http-nio-8080-exec-6] DEBUG o.s.security.web.FilterChainProxy - Secured POST /auth/login
2026-04-09 13:03:48 [http-nio-8080-exec-6] DEBUG o.s.web.servlet.DispatcherServlet - POST "/api/auth/login", parameters={}
2026-04-09 13:03:48 [http-nio-8080-exec-6] DEBUG o.s.w.s.m.m.a.RequestMappingHandlerMapping - Mapped to com.pretor_sport.app.controller.AuthController#login(LoginRequestDTO)
2026-04-09 13:03:48 [http-nio-8080-exec-6] DEBUG o.s.w.s.m.m.a.RequestResponseBodyMethodProcessor - Read "application/json;charset=UTF-8" to [LoginRequestDTO(email=brucew@pretorsport.com, password=password@123, rememberMe=false)]
2026-04-09 13:03:49 [http-nio-8080-exec-6] DEBUG c.p.a.service.UserDetailsServiceImpl - Cargando usuario por email: brucew@pretorsport.com
2026-04-09 13:03:49 [http-nio-8080-exec-6] DEBUG org.hibernate.SQL - 
    /* <criteria> */ select
        u1_0.id,
        u1_0.activo,
        u1_0.apellidos,
        u1_0.direccion,
        u1_0.email,
        u1_0.email_verificado,
        u1_0.fecha_actualizacion,
        u1_0.fecha_registro,
        u1_0.nombre,
        u1_0.password,
        u1_0.rol,
        u1_0.telefono,
        u1_0.token_verificacion,
        u1_0.ultimo_acceso 
    from
        usuarios u1_0 
    where
        u1_0.email=? 
        and u1_0.activo=?
2026-04-09 13:03:49 [http-nio-8080-exec-6] DEBUG c.p.a.service.UserDetailsServiceImpl - Usuario cargado exitosamente: brucew@pretorsport.com con rol: ROLE_CLIENTE
2026-04-09 13:03:49 [http-nio-8080-exec-6] DEBUG o.s.s.a.d.DaoAuthenticationProvider - Failed to authenticate since password does not match stored value
2026-04-09 13:03:49 [http-nio-8080-exec-6] DEBUG o.s.s.authentication.ProviderManager - Authentication failed with provider DaoAuthenticationProvider since Bad credentials
2026-04-09 13:03:49 [http-nio-8080-exec-6] WARN  c.p.app.service.AuthService - Intento de login fallido para email: brucew@pretorsport.com
2026-04-09 13:03:49 [http-nio-8080-exec-6] ERROR c.p.app.controller.AuthController - Error en login: Credenciales invßlidas
2026-04-09 13:03:49 [http-nio-8080-exec-6] DEBUG o.s.w.s.m.m.a.HttpEntityMethodProcessor - Using 'application/json', given [application/json, text/plain, */*] and supported [application/json, application/*+json]
2026-04-09 13:03:49 [http-nio-8080-exec-6] DEBUG o.s.w.s.m.m.a.HttpEntityMethodProcessor - Writing [{message=Credenciales invßlidas, error=Error de autenticaci¾n}]
2026-04-09 13:03:49 [http-nio-8080-exec-6] DEBUG o.s.web.servlet.DispatcherServlet - Completed 401 UNAUTHORIZED
2026-04-09 13:03:53 [http-nio-8080-exec-10] DEBUG o.s.security.web.FilterChainProxy - Securing POST /auth/login
2026-04-09 13:03:53 [http-nio-8080-exec-10] DEBUG o.s.s.w.a.AnonymousAuthenticationFilter - Set SecurityContextHolder to anonymous SecurityContext
2026-04-09 13:03:53 [http-nio-8080-exec-10] DEBUG o.s.security.web.FilterChainProxy - Secured POST /auth/login
2026-04-09 13:03:53 [http-nio-8080-exec-10] DEBUG o.s.web.servlet.DispatcherServlet - POST "/api/auth/login", parameters={}
2026-04-09 13:03:53 [http-nio-8080-exec-10] DEBUG o.s.w.s.m.m.a.RequestMappingHandlerMapping - Mapped to com.pretor_sport.app.controller.AuthController#login(LoginRequestDTO)
2026-04-09 13:03:53 [http-nio-8080-exec-10] DEBUG o.s.w.s.m.m.a.RequestResponseBodyMethodProcessor - Read "application/json;charset=UTF-8" to [LoginRequestDTO(email=brucew@pretorsport.com, password=password@23, rememberMe=false)]
2026-04-09 13:03:53 [http-nio-8080-exec-10] DEBUG c.p.a.service.UserDetailsServiceImpl - Cargando usuario por email: brucew@pretorsport.com
2026-04-09 13:03:53 [http-nio-8080-exec-10] DEBUG org.hibernate.SQL - 
    /* <criteria> */ select
        u1_0.id,
        u1_0.activo,
        u1_0.apellidos,
        u1_0.direccion,
        u1_0.email,
        u1_0.email_verificado,
        u1_0.fecha_actualizacion,
        u1_0.fecha_registro,
        u1_0.nombre,
        u1_0.password,
        u1_0.rol,
        u1_0.telefono,
        u1_0.token_verificacion,
        u1_0.ultimo_acceso 
    from
        usuarios u1_0 
    where
        u1_0.email=? 
        and u1_0.activo=?
2026-04-09 13:03:53 [http-nio-8080-exec-10] DEBUG c.p.a.service.UserDetailsServiceImpl - Usuario cargado exitosamente: brucew@pretorsport.com con rol: ROLE_CLIENTE
2026-04-09 13:03:53 [http-nio-8080-exec-10] DEBUG o.s.s.a.d.DaoAuthenticationProvider - Failed to authenticate since password does not match stored value
2026-04-09 13:03:53 [http-nio-8080-exec-10] DEBUG o.s.s.authentication.ProviderManager - Authentication failed with provider DaoAuthenticationProvider since Bad credentials
2026-04-09 13:03:53 [http-nio-8080-exec-10] WARN  c.p.app.service.AuthService - Intento de login fallido para email: brucew@pretorsport.com
2026-04-09 13:03:53 [http-nio-8080-exec-10] ERROR c.p.app.controller.AuthController - Error en login: Credenciales invßlidas
2026-04-09 13:03:53 [http-nio-8080-exec-10] DEBUG o.s.w.s.m.m.a.HttpEntityMethodProcessor - Using 'application/json', given [application/json, text/plain, */*] and supported [application/json, application/*+json]
2026-04-09 13:03:53 [http-nio-8080-exec-10] DEBUG o.s.w.s.m.m.a.HttpEntityMethodProcessor - Writing [{message=Credenciales invßlidas, error=Error de autenticaci¾n}]
2026-04-09 13:03:53 [http-nio-8080-exec-10] DEBUG o.s.web.servlet.DispatcherServlet - Completed 401 UNAUTHORIZED
2026-04-09 13:03:58 [http-nio-8080-exec-9] DEBUG o.s.security.web.FilterChainProxy - Securing POST /auth/login
2026-04-09 13:03:58 [http-nio-8080-exec-9] DEBUG o.s.s.w.a.AnonymousAuthenticationFilter - Set SecurityContextHolder to anonymous SecurityContext
2026-04-09 13:03:58 [http-nio-8080-exec-9] DEBUG o.s.security.web.FilterChainProxy - Secured POST /auth/login
2026-04-09 13:03:58 [http-nio-8080-exec-9] DEBUG o.s.web.servlet.DispatcherServlet - POST "/api/auth/login", parameters={}
2026-04-09 13:03:58 [http-nio-8080-exec-9] DEBUG o.s.w.s.m.m.a.RequestMappingHandlerMapping - Mapped to com.pretor_sport.app.controller.AuthController#login(LoginRequestDTO)
2026-04-09 13:03:58 [http-nio-8080-exec-9] DEBUG o.s.w.s.m.m.a.RequestResponseBodyMethodProcessor - Read "application/json;charset=UTF-8" to [LoginRequestDTO(email=brucew@pretorsport.com, password=password123@, rememberMe=false)]
2026-04-09 13:03:58 [http-nio-8080-exec-9] DEBUG c.p.a.service.UserDetailsServiceImpl - Cargando usuario por email: brucew@pretorsport.com
2026-04-09 13:03:58 [http-nio-8080-exec-9] DEBUG org.hibernate.SQL - 
    /* <criteria> */ select
        u1_0.id,
        u1_0.activo,
        u1_0.apellidos,
        u1_0.direccion,
        u1_0.email,
        u1_0.email_verificado,
        u1_0.fecha_actualizacion,
        u1_0.fecha_registro,
        u1_0.nombre,
        u1_0.password,
        u1_0.rol,
        u1_0.telefono,
        u1_0.token_verificacion,
        u1_0.ultimo_acceso 
    from
        usuarios u1_0 
    where
        u1_0.email=? 
        and u1_0.activo=?
2026-04-09 13:03:58 [http-nio-8080-exec-9] DEBUG c.p.a.service.UserDetailsServiceImpl - Usuario cargado exitosamente: brucew@pretorsport.com con rol: ROLE_CLIENTE
2026-04-09 13:03:59 [http-nio-8080-exec-9] DEBUG o.s.s.a.d.DaoAuthenticationProvider - Failed to authenticate since password does not match stored value
2026-04-09 13:03:59 [http-nio-8080-exec-9] DEBUG o.s.s.authentication.ProviderManager - Authentication failed with provider DaoAuthenticationProvider since Bad credentials
2026-04-09 13:03:59 [http-nio-8080-exec-9] WARN  c.p.app.service.AuthService - Intento de login fallido para email: brucew@pretorsport.com
2026-04-09 13:03:59 [http-nio-8080-exec-9] ERROR c.p.app.controller.AuthController - Error en login: Credenciales invßlidas
2026-04-09 13:03:59 [http-nio-8080-exec-9] DEBUG o.s.w.s.m.m.a.HttpEntityMethodProcessor - Using 'application/json', given [application/json, text/plain, */*] and supported [application/json, application/*+json]
2026-04-09 13:03:59 [http-nio-8080-exec-9] DEBUG o.s.w.s.m.m.a.HttpEntityMethodProcessor - Writing [{message=Credenciales invßlidas, error=Error de autenticaci¾n}]
2026-04-09 13:03:59 [http-nio-8080-exec-9] DEBUG o.s.web.servlet.DispatcherServlet - Completed 401 UNAUTHORIZED
2026-04-09 13:04:54 [http-nio-8080-exec-2] DEBUG o.s.security.web.FilterChainProxy - Securing OPTIONS /auth/register
2026-04-09 13:04:54 [http-nio-8080-exec-1] DEBUG o.s.security.web.FilterChainProxy - Securing POST /auth/register
2026-04-09 13:04:54 [http-nio-8080-exec-1] DEBUG o.s.s.w.a.AnonymousAuthenticationFilter - Set SecurityContextHolder to anonymous SecurityContext
2026-04-09 13:04:54 [http-nio-8080-exec-1] DEBUG o.s.security.web.FilterChainProxy - Secured POST /auth/register
2026-04-09 13:04:54 [http-nio-8080-exec-1] DEBUG o.s.web.servlet.DispatcherServlet - POST "/api/auth/register", parameters={}
2026-04-09 13:04:54 [http-nio-8080-exec-1] DEBUG o.s.w.s.m.m.a.RequestMappingHandlerMapping - Mapped to com.pretor_sport.app.controller.AuthController#register(UsuarioRequestDTO)
2026-04-09 13:04:54 [http-nio-8080-exec-1] DEBUG o.s.w.s.m.m.a.RequestResponseBodyMethodProcessor - Read "application/json;charset=UTF-8" to [UsuarioRequestDTO(nombre=Ethan , apellidos=kent, email=ethanwa@pretorsport.com, password=Password23@ (truncated)...]
2026-04-09 13:04:54 [http-nio-8080-exec-1] DEBUG org.hibernate.SQL - 
    /* <criteria> */ select
        u1_0.id 
    from
        usuarios u1_0 
    where
        u1_0.email=? 
    fetch
        first ? rows only
2026-04-09 13:04:55 [http-nio-8080-exec-1] DEBUG org.hibernate.SQL - 
    /* insert for
        com.pretor_sport.app.model.Usuario */insert 
    into
        usuarios (activo, apellidos, direccion, email, email_verificado, fecha_actualizacion, fecha_registro, nombre, password, rol, telefono, token_verificacion, ultimo_acceso) 
    values
        (?, ?, ?, ?, ?, ?, ?, ?, ?, ?, ?, ?, ?)
2026-04-09 13:04:55 [http-nio-8080-exec-1] INFO  c.p.app.service.AuthService - Nuevo usuario registrado (pendiente de verificaci¾n): ethanwa@pretorsport.com con rol: ROLE_CLIENTE
2026-04-09 13:04:55 [http-nio-8080-exec-1] DEBUG o.s.w.s.m.m.a.HttpEntityMethodProcessor - Using 'application/json', given [application/json, text/plain, */*] and supported [application/json, application/*+json]
2026-04-09 13:04:55 [http-nio-8080-exec-1] DEBUG o.s.w.s.m.m.a.HttpEntityMethodProcessor - Writing [AuthResponseDTO(accessToken=null, refreshToken=null, tokenType=Bearer, expiresIn=0, issuedAt=2026-04 (truncated)...]
2026-04-09 13:04:55 [http-nio-8080-exec-1] DEBUG o.s.web.servlet.DispatcherServlet - Completed 201 CREATED
2026-04-09 13:05:15 [http-nio-8080-exec-3] DEBUG o.s.security.web.FilterChainProxy - Securing OPTIONS /auth/resend-verification
2026-04-09 13:05:15 [http-nio-8080-exec-4] DEBUG o.s.security.web.FilterChainProxy - Securing POST /auth/resend-verification
2026-04-09 13:05:15 [http-nio-8080-exec-4] DEBUG o.s.s.w.a.AnonymousAuthenticationFilter - Set SecurityContextHolder to anonymous SecurityContext
2026-04-09 13:05:15 [http-nio-8080-exec-4] DEBUG o.s.security.web.FilterChainProxy - Secured POST /auth/resend-verification
2026-04-09 13:05:15 [http-nio-8080-exec-4] DEBUG o.s.web.servlet.DispatcherServlet - POST "/api/auth/resend-verification", parameters={}
2026-04-09 13:05:15 [http-nio-8080-exec-4] DEBUG o.s.w.s.m.m.a.RequestMappingHandlerMapping - Mapped to com.pretor_sport.app.controller.AuthController#resendVerification(Map)
2026-04-09 13:05:15 [http-nio-8080-exec-4] DEBUG o.s.w.s.m.m.a.RequestResponseBodyMethodProcessor - Read "application/json;charset=UTF-8" to [{email=ethanwa@pretorsport.com}]
2026-04-09 13:05:15 [http-nio-8080-exec-4] DEBUG org.hibernate.SQL - 
    /* <criteria> */ select
        u1_0.id,
        u1_0.activo,
        u1_0.apellidos,
        u1_0.direccion,
        u1_0.email,
        u1_0.email_verificado,
        u1_0.fecha_actualizacion,
        u1_0.fecha_registro,
        u1_0.nombre,
        u1_0.password,
        u1_0.rol,
        u1_0.telefono,
        u1_0.token_verificacion,
        u1_0.ultimo_acceso 
    from
        usuarios u1_0 
    where
        u1_0.email=? 
        and u1_0.activo=?
2026-04-09 13:05:15 [http-nio-8080-exec-4] INFO  c.p.app.service.AuthService - Nuevo enlace de verificaci¾n generado para ethanwa@pretorsport.com: http://localhost:4200/verify-email?token=2cbb7992-fd3e-459b-9695-0a0570fffe7c
2026-04-09 13:05:15 [http-nio-8080-exec-4] DEBUG org.hibernate.SQL - 
    /* update
        for com.pretor_sport.app.model.Usuario */update usuarios 
    set
        activo=?,
        apellidos=?,
        direccion=?,
        email=?,
        email_verificado=?,
        fecha_actualizacion=?,
        nombre=?,
        password=?,
        rol=?,
        telefono=?,
        token_verificacion=?,
        ultimo_acceso=? 
    where
        id=?
2026-04-09 13:05:15 [http-nio-8080-exec-4] DEBUG o.s.w.s.m.m.a.HttpEntityMethodProcessor - Using 'application/json', given [application/json, text/plain, */*] and supported [application/json, application/*+json]
2026-04-09 13:05:15 [http-nio-8080-exec-4] DEBUG o.s.w.s.m.m.a.HttpEntityMethodProcessor - Writing [{message=Se gener¾ un nuevo enlace de verificaci¾n, verificationUrl=http://localhost:4200/verify-ema (truncated)...]
2026-04-09 13:05:15 [http-nio-8080-exec-4] DEBUG o.s.web.servlet.DispatcherServlet - Completed 200 OK
2026-04-09 13:05:18 [http-nio-8080-exec-5] DEBUG o.s.security.web.FilterChainProxy - Securing GET /auth/verify-email?token=2cbb7992-fd3e-459b-9695-0a0570fffe7c
2026-04-09 13:05:18 [http-nio-8080-exec-5] DEBUG o.s.s.w.a.AnonymousAuthenticationFilter - Set SecurityContextHolder to anonymous SecurityContext
2026-04-09 13:05:18 [http-nio-8080-exec-5] DEBUG o.s.security.web.FilterChainProxy - Secured GET /auth/verify-email?token=2cbb7992-fd3e-459b-9695-0a0570fffe7c
2026-04-09 13:05:18 [http-nio-8080-exec-5] DEBUG o.s.web.servlet.DispatcherServlet - GET "/api/auth/verify-email?token=2cbb7992-fd3e-459b-9695-0a0570fffe7c", parameters={masked}
2026-04-09 13:05:18 [http-nio-8080-exec-5] DEBUG o.s.w.s.m.m.a.RequestMappingHandlerMapping - Mapped to com.pretor_sport.app.controller.AuthController#verifyEmail(String)
2026-04-09 13:05:18 [http-nio-8080-exec-5] DEBUG org.hibernate.SQL - 
    /* UPDATE
        Usuario u 
    SET
        u.emailVerificado = true,
        u.tokenVerificacion = null 
    WHERE
        u.tokenVerificacion = :token */ update usuarios u1_0 
    set
        email_verificado=true,
        token_verificacion=null 
    where
        u1_0.token_verificacion=?
2026-04-09 13:05:18 [http-nio-8080-exec-5] INFO  c.p.app.service.AuthService - Email verificado exitosamente para token: 2cbb7992-fd3e-459b-9695-0a0570fffe7c
2026-04-09 13:05:18 [http-nio-8080-exec-5] DEBUG o.s.w.s.m.m.a.HttpEntityMethodProcessor - Using 'application/json', given [application/json, text/plain, */*] and supported [application/json, application/*+json]
2026-04-09 13:05:18 [http-nio-8080-exec-5] DEBUG o.s.w.s.m.m.a.HttpEntityMethodProcessor - Writing [{message=Email verificado exitosamente}]
2026-04-09 13:05:18 [http-nio-8080-exec-5] DEBUG o.s.web.servlet.DispatcherServlet - Completed 200 OK
2026-04-09 13:05:34 [http-nio-8080-exec-6] DEBUG o.s.security.web.FilterChainProxy - Securing POST /auth/login
2026-04-09 13:05:34 [http-nio-8080-exec-6] DEBUG o.s.s.w.a.AnonymousAuthenticationFilter - Set SecurityContextHolder to anonymous SecurityContext
2026-04-09 13:05:34 [http-nio-8080-exec-6] DEBUG o.s.security.web.FilterChainProxy - Secured POST /auth/login
2026-04-09 13:05:34 [http-nio-8080-exec-6] DEBUG o.s.web.servlet.DispatcherServlet - POST "/api/auth/login", parameters={}
2026-04-09 13:05:34 [http-nio-8080-exec-6] DEBUG o.s.w.s.m.m.a.RequestMappingHandlerMapping - Mapped to com.pretor_sport.app.controller.AuthController#login(LoginRequestDTO)
2026-04-09 13:05:34 [http-nio-8080-exec-6] DEBUG o.s.w.s.m.m.a.RequestResponseBodyMethodProcessor - Read "application/json;charset=UTF-8" to [LoginRequestDTO(email=ethanwa@pretorsport.com, password=Password23@, rememberMe=false)]
2026-04-09 13:05:34 [http-nio-8080-exec-6] DEBUG c.p.a.service.UserDetailsServiceImpl - Cargando usuario por email: ethanwa@pretorsport.com
2026-04-09 13:05:34 [http-nio-8080-exec-6] DEBUG org.hibernate.SQL - 
    /* <criteria> */ select
        u1_0.id,
        u1_0.activo,
        u1_0.apellidos,
        u1_0.direccion,
        u1_0.email,
        u1_0.email_verificado,
        u1_0.fecha_actualizacion,
        u1_0.fecha_registro,
        u1_0.nombre,
        u1_0.password,
        u1_0.rol,
        u1_0.telefono,
        u1_0.token_verificacion,
        u1_0.ultimo_acceso 
    from
        usuarios u1_0 
    where
        u1_0.email=? 
        and u1_0.activo=?
2026-04-09 13:05:34 [http-nio-8080-exec-6] DEBUG c.p.a.service.UserDetailsServiceImpl - Usuario cargado exitosamente: ethanwa@pretorsport.com con rol: ROLE_CLIENTE
2026-04-09 13:05:34 [http-nio-8080-exec-6] DEBUG o.s.s.a.d.DaoAuthenticationProvider - Authenticated user
2026-04-09 13:05:34 [http-nio-8080-exec-6] DEBUG org.hibernate.SQL - 
    /* <criteria> */ select
        u1_0.id,
        u1_0.activo,
        u1_0.apellidos,
        u1_0.direccion,
        u1_0.email,
        u1_0.email_verificado,
        u1_0.fecha_actualizacion,
        u1_0.fecha_registro,
        u1_0.nombre,
        u1_0.password,
        u1_0.rol,
        u1_0.telefono,
        u1_0.token_verificacion,
        u1_0.ultimo_acceso 
    from
        usuarios u1_0 
    where
        u1_0.email=? 
        and u1_0.activo=?
2026-04-09 13:05:34 [http-nio-8080-exec-6] DEBUG org.hibernate.SQL - 
    /* UPDATE
        Usuario u 
    SET
        u.ultimoAcceso = :fechaAcceso 
    WHERE
        u.email = :email */ update usuarios u1_0 
    set
        ultimo_acceso=? 
    where
        u1_0.email=?
2026-04-09 13:05:34 [http-nio-8080-exec-6] DEBUG c.p.a.service.UserDetailsServiceImpl - Cargando usuario por email: ethanwa@pretorsport.com
2026-04-09 13:05:34 [http-nio-8080-exec-6] DEBUG org.hibernate.SQL - 
    /* <criteria> */ select
        u1_0.id,
        u1_0.activo,
        u1_0.apellidos,
        u1_0.direccion,
        u1_0.email,
        u1_0.email_verificado,
        u1_0.fecha_actualizacion,
        u1_0.fecha_registro,
        u1_0.nombre,
        u1_0.password,
        u1_0.rol,
        u1_0.telefono,
        u1_0.token_verificacion,
        u1_0.ultimo_acceso 
    from
        usuarios u1_0 
    where
        u1_0.email=? 
        and u1_0.activo=?
2026-04-09 13:05:34 [http-nio-8080-exec-6] DEBUG c.p.a.service.UserDetailsServiceImpl - Usuario cargado exitosamente: ethanwa@pretorsport.com con rol: ROLE_CLIENTE
2026-04-09 13:05:35 [http-nio-8080-exec-6] INFO  c.p.app.service.AuthService - Usuario autenticado exitosamente: ethanwa@pretorsport.com con rol: ROLE_CLIENTE
2026-04-09 13:05:35 [http-nio-8080-exec-6] DEBUG o.s.w.s.m.m.a.HttpEntityMethodProcessor - Using 'application/json', given [application/json, text/plain, */*] and supported [application/json, application/*+json]
2026-04-09 13:05:35 [http-nio-8080-exec-6] DEBUG o.s.w.s.m.m.a.HttpEntityMethodProcessor - Writing [AuthResponseDTO(accessToken=eyJhbGciOiJIUzUxMiJ9.eyJ0eXBlIjoiQUNDRVNTIiwidXNlcklkIjo2LCJyb2wiOiJST0x (truncated)...]
2026-04-09 13:05:35 [http-nio-8080-exec-6] DEBUG o.s.web.servlet.DispatcherServlet - Completed 200 OK
2026-04-09 13:05:35 [http-nio-8080-exec-10] DEBUG o.s.security.web.FilterChainProxy - Securing GET /productos?tamanoPagina=12&pagina=0
2026-04-09 13:05:35 [http-nio-8080-exec-10] DEBUG o.s.s.w.a.AnonymousAuthenticationFilter - Set SecurityContextHolder to anonymous SecurityContext
2026-04-09 13:05:35 [http-nio-8080-exec-9] DEBUG o.s.security.web.FilterChainProxy - Securing GET /productos?ordenarPor=popularidad&direccion=desc&tamanoPagina=8&pagina=0
2026-04-09 13:05:35 [http-nio-8080-exec-8] DEBUG o.s.security.web.FilterChainProxy - Securing GET /productos?ordenarPor=descuento&direccion=desc&tamanoPagina=8&pagina=0
2026-04-09 13:05:35 [http-nio-8080-exec-10] DEBUG o.s.security.web.FilterChainProxy - Secured GET /productos?tamanoPagina=12&pagina=0
2026-04-09 13:05:35 [http-nio-8080-exec-10] DEBUG o.s.web.servlet.DispatcherServlet - GET "/api/productos?tamanoPagina=12&pagina=0", parameters={masked}
2026-04-09 13:05:35 [http-nio-8080-exec-8] DEBUG o.s.s.w.a.AnonymousAuthenticationFilter - Set SecurityContextHolder to anonymous SecurityContext
2026-04-09 13:05:35 [http-nio-8080-exec-9] DEBUG o.s.s.w.a.AnonymousAuthenticationFilter - Set SecurityContextHolder to anonymous SecurityContext
2026-04-09 13:05:35 [http-nio-8080-exec-10] DEBUG o.s.w.s.m.m.a.RequestMappingHandlerMapping - Mapped to com.pretor_sport.app.controller.ProductoController#listarProductos(String, List, String, String, String, List, List, String, List, Boolean, String, String, String, String, Integer, Integer)
2026-04-09 13:05:35 [http-nio-8080-exec-9] DEBUG o.s.security.web.FilterChainProxy - Secured GET /productos?ordenarPor=popularidad&direccion=desc&tamanoPagina=8&pagina=0
2026-04-09 13:05:35 [http-nio-8080-exec-8] DEBUG o.s.security.web.FilterChainProxy - Secured GET /productos?ordenarPor=descuento&direccion=desc&tamanoPagina=8&pagina=0
2026-04-09 13:05:35 [http-nio-8080-exec-9] DEBUG o.s.web.servlet.DispatcherServlet - GET "/api/productos?ordenarPor=popularidad&direccion=desc&tamanoPagina=8&pagina=0", parameters={masked}
2026-04-09 13:05:35 [http-nio-8080-exec-9] DEBUG o.s.w.s.m.m.a.RequestMappingHandlerMapping - Mapped to com.pretor_sport.app.controller.ProductoController#listarProductos(String, List, String, String, String, List, List, String, List, Boolean, String, String, String, String, Integer, Integer)
2026-04-09 13:05:35 [http-nio-8080-exec-8] DEBUG o.s.web.servlet.DispatcherServlet - GET "/api/productos?ordenarPor=descuento&direccion=desc&tamanoPagina=8&pagina=0", parameters={masked}
2026-04-09 13:05:35 [http-nio-8080-exec-10] DEBUG c.p.a.controller.ProductoController - Listando productos con filtros - pßgina: 0, tama±o: 12
2026-04-09 13:05:35 [http-nio-8080-exec-8] DEBUG o.s.w.s.m.m.a.RequestMappingHandlerMapping - Mapped to com.pretor_sport.app.controller.ProductoController#listarProductos(String, List, String, String, String, List, List, String, List, Boolean, String, String, String, String, Integer, Integer)
2026-04-09 13:05:35 [http-nio-8080-exec-10] DEBUG c.p.app.service.ProductoService - Listando productos con filtros: ProductoFilterDTO(busqueda=null, categoriaIds=null, marca=null, precioMin=null, precioMax=null, tallas=null, colores=null, genero=null, materiales=null, soloDisponibles=true, pesoMin=null, pesoMax=null, ordenarPor=nombre, direccion=asc, pagina=0, tamanoPagina=12)
2026-04-09 13:05:35 [http-nio-8080-exec-9] DEBUG c.p.a.controller.ProductoController - Listando productos con filtros - pßgina: 0, tama±o: 8
2026-04-09 13:05:35 [http-nio-8080-exec-9] DEBUG c.p.app.service.ProductoService - Listando productos con filtros: ProductoFilterDTO(busqueda=null, categoriaIds=null, marca=null, precioMin=null, precioMax=null, tallas=null, colores=null, genero=null, materiales=null, soloDisponibles=true, pesoMin=null, pesoMax=null, ordenarPor=popularidad, direccion=desc, pagina=0, tamanoPagina=8)
2026-04-09 13:05:35 [http-nio-8080-exec-8] DEBUG c.p.a.controller.ProductoController - Listando productos con filtros - pßgina: 0, tama±o: 8
2026-04-09 13:05:35 [http-nio-8080-exec-8] DEBUG c.p.app.service.ProductoService - Listando productos con filtros: ProductoFilterDTO(busqueda=null, categoriaIds=null, marca=null, precioMin=null, precioMax=null, tallas=null, colores=null, genero=null, materiales=null, soloDisponibles=true, pesoMin=null, pesoMax=null, ordenarPor=descuento, direccion=desc, pagina=0, tamanoPagina=8)
2026-04-09 13:05:35 [http-nio-8080-exec-9] DEBUG org.hibernate.SQL - 
    /* SELECT
        p 
    FROM
        Producto p 
    WHERE
        (
            :busqueda IS NULL 
            OR p.nombre LIKE :busqueda_1 
            OR p.descripcion LIKE :busqueda_1
        ) 
        AND (
            :categoriaIds IS NULL 
            OR p.categoria.id IN :categoriaIds_1
        ) 
        AND (
            :marca IS NULL 
            OR p.marca LIKE :marca_1
        ) 
        AND (
            :precioMin IS NULL 
            OR p.precio >= :precioMin
        ) 
        AND (
            :precioMax IS NULL 
            OR p.precio <= :precioMax
        ) 
        AND (
            :tallas IS NULL 
            OR p.talla IN :tallas_1
        ) 
        AND (
            :colores IS NULL 
            OR p.color IN :colores_1
        ) 
        AND (
            :genero IS NULL 
            OR p.genero = :genero
        ) 
        AND (
            :materiales IS NULL 
            OR p.material IN :materiales_1
        ) 
        AND (
            :soloDisponibles = false 
            OR (
                p.activo = true 
                AND p.stock > 0
            )
        ) 
        AND (
            :pesoMin IS NULL 
            OR p.peso >= :pesoMin
        ) 
        AND (
            :pesoMax IS NULL 
            OR p.peso <= :pesoMax
        ) 
    order by
        p.nombre desc */ select
            p1_0.id,
            p1_0.activo,
            p1_0.categoria_id,
            p1_0.color,
            p1_0.descripcion,
            p1_0.fecha_actualizacion,
            p1_0.fecha_creacion,
            p1_0.genero,
            p1_0.imagen_url,
            p1_0.marca,
            p1_0.material,
            p1_0.modelo,
            p1_0.nombre,
            p1_0.peso,
            p1_0.precio,
            p1_0.proveedor_id,
            p1_0.stock,
            p1_0.talla 
        from
            productos p1_0 
        where
            (
                ? is null 
                or p1_0.nombre like ? escape '' 
                or p1_0.descripcion like ? escape ''
            ) 
            and (
                ? is null 
                or p1_0.categoria_id in (?)
            ) 
            and (
                ? is null 
                or p1_0.marca like ? escape ''
            ) 
            and (
                ? is null 
                or p1_0.precio>=?
            ) 
            and (
                ? is null 
                or p1_0.precio<=?
            ) 
            and (
                ? is null 
                or p1_0.talla in (?)
            ) 
            and (
                ? is null 
                or p1_0.color in (?)
            ) 
            and (
                ? is null 
                or p1_0.genero=?
            ) 
            and (
                ? is null 
                or p1_0.material in (?)
            ) 
            and (
                ?=false 
                or (
                    p1_0.activo=true 
                    and p1_0.stock>0
                )
            ) 
            and (
                ? is null 
                or p1_0.peso>=?
            ) 
            and (
                ? is null 
                or p1_0.peso<=?
            ) 
        order by
            p1_0.nombre desc 
        fetch
            first ? rows only
2026-04-09 13:05:35 [http-nio-8080-exec-10] DEBUG org.hibernate.SQL - 
    /* SELECT
        p 
    FROM
        Producto p 
    WHERE
        (
            :busqueda IS NULL 
            OR p.nombre LIKE :busqueda_1 
            OR p.descripcion LIKE :busqueda_1
        ) 
        AND (
            :categoriaIds IS NULL 
            OR p.categoria.id IN :categoriaIds_1
        ) 
        AND (
            :marca IS NULL 
            OR p.marca LIKE :marca_1
        ) 
        AND (
            :precioMin IS NULL 
            OR p.precio >= :precioMin
        ) 
        AND (
            :precioMax IS NULL 
            OR p.precio <= :precioMax
        ) 
        AND (
            :tallas IS NULL 
            OR p.talla IN :tallas_1
        ) 
        AND (
            :colores IS NULL 
            OR p.color IN :colores_1
        ) 
        AND (
            :genero IS NULL 
            OR p.genero = :genero
        ) 
        AND (
            :materiales IS NULL 
            OR p.material IN :materiales_1
        ) 
        AND (
            :soloDisponibles = false 
            OR (
                p.activo = true 
                AND p.stock > 0
            )
        ) 
        AND (
            :pesoMin IS NULL 
            OR p.peso >= :pesoMin
        ) 
        AND (
            :pesoMax IS NULL 
            OR p.peso <= :pesoMax
        ) 
    order by
        p.nombre asc */ select
            p1_0.id,
            p1_0.activo,
            p1_0.categoria_id,
            p1_0.color,
            p1_0.descripcion,
            p1_0.fecha_actualizacion,
            p1_0.fecha_creacion,
            p1_0.genero,
            p1_0.imagen_url,
            p1_0.marca,
            p1_0.material,
            p1_0.modelo,
            p1_0.nombre,
            p1_0.peso,
            p1_0.precio,
            p1_0.proveedor_id,
            p1_0.stock,
            p1_0.talla 
        from
            productos p1_0 
        where
            (
                ? is null 
                or p1_0.nombre like ? escape '' 
                or p1_0.descripcion like ? escape ''
            ) 
            and (
                ? is null 
                or p1_0.categoria_id in (?)
            ) 
            and (
                ? is null 
                or p1_0.marca like ? escape ''
            ) 
            and (
                ? is null 
                or p1_0.precio>=?
            ) 
            and (
                ? is null 
                or p1_0.precio<=?
            ) 
            and (
                ? is null 
                or p1_0.talla in (?)
            ) 
            and (
                ? is null 
                or p1_0.color in (?)
            ) 
            and (
                ? is null 
                or p1_0.genero=?
            ) 
            and (
                ? is null 
                or p1_0.material in (?)
            ) 
            and (
                ?=false 
                or (
                    p1_0.activo=true 
                    and p1_0.stock>0
                )
            ) 
            and (
                ? is null 
                or p1_0.peso>=?
            ) 
            and (
                ? is null 
                or p1_0.peso<=?
            ) 
        order by
            p1_0.nombre 
        fetch
            first ? rows only
2026-04-09 13:05:35 [http-nio-8080-exec-10] DEBUG org.hibernate.SQL - 
    select
        c1_0.id,
        c1_0.activa,
        c1_0.descripcion,
        c1_0.fecha_actualizacion,
        c1_0.fecha_creacion,
        c1_0.icono_url,
        c1_0.nombre,
        c1_0.orden,
        c1_0.tipo 
    from
        categorias c1_0 
    where
        c1_0.id=?
2026-04-09 13:05:35 [http-nio-8080-exec-8] DEBUG org.hibernate.SQL - 
    /* SELECT
        p 
    FROM
        Producto p 
    WHERE
        (
            :busqueda IS NULL 
            OR p.nombre LIKE :busqueda_1 
            OR p.descripcion LIKE :busqueda_1
        ) 
        AND (
            :categoriaIds IS NULL 
            OR p.categoria.id IN :categoriaIds_1
        ) 
        AND (
            :marca IS NULL 
            OR p.marca LIKE :marca_1
        ) 
        AND (
            :precioMin IS NULL 
            OR p.precio >= :precioMin
        ) 
        AND (
            :precioMax IS NULL 
            OR p.precio <= :precioMax
        ) 
        AND (
            :tallas IS NULL 
            OR p.talla IN :tallas_1
        ) 
        AND (
            :colores IS NULL 
            OR p.color IN :colores_1
        ) 
        AND (
            :genero IS NULL 
            OR p.genero = :genero
        ) 
        AND (
            :materiales IS NULL 
            OR p.material IN :materiales_1
        ) 
        AND (
            :soloDisponibles = false 
            OR (
                p.activo = true 
                AND p.stock > 0
            )
        ) 
        AND (
            :pesoMin IS NULL 
            OR p.peso >= :pesoMin
        ) 
        AND (
            :pesoMax IS NULL 
            OR p.peso <= :pesoMax
        ) 
    order by
        p.nombre desc */ select
            p1_0.id,
            p1_0.activo,
            p1_0.categoria_id,
            p1_0.color,
            p1_0.descripcion,
            p1_0.fecha_actualizacion,
            p1_0.fecha_creacion,
            p1_0.genero,
            p1_0.imagen_url,
            p1_0.marca,
            p1_0.material,
            p1_0.modelo,
            p1_0.nombre,
            p1_0.peso,
            p1_0.precio,
            p1_0.proveedor_id,
            p1_0.stock,
            p1_0.talla 
        from
            productos p1_0 
        where
            (
                ? is null 
                or p1_0.nombre like ? escape '' 
                or p1_0.descripcion like ? escape ''
            ) 
            and (
                ? is null 
                or p1_0.categoria_id in (?)
            ) 
            and (
                ? is null 
                or p1_0.marca like ? escape ''
            ) 
            and (
                ? is null 
                or p1_0.precio>=?
            ) 
            and (
                ? is null 
                or p1_0.precio<=?
            ) 
            and (
                ? is null 
                or p1_0.talla in (?)
            ) 
            and (
                ? is null 
                or p1_0.color in (?)
            ) 
            and (
                ? is null 
                or p1_0.genero=?
            ) 
            and (
                ? is null 
                or p1_0.material in (?)
            ) 
            and (
                ?=false 
                or (
                    p1_0.activo=true 
                    and p1_0.stock>0
                )
            ) 
            and (
                ? is null 
                or p1_0.peso>=?
            ) 
            and (
                ? is null 
                or p1_0.peso<=?
            ) 
        order by
            p1_0.nombre desc 
        fetch
            first ? rows only
2026-04-09 13:05:35 [http-nio-8080-exec-9] DEBUG org.hibernate.SQL - 
    select
        c1_0.id,
        c1_0.activa,
        c1_0.descripcion,
        c1_0.fecha_actualizacion,
        c1_0.fecha_creacion,
        c1_0.icono_url,
        c1_0.nombre,
        c1_0.orden,
        c1_0.tipo 
    from
        categorias c1_0 
    where
        c1_0.id=?
2026-04-09 13:05:35 [http-nio-8080-exec-9] DEBUG org.hibernate.SQL - 
    select
        p1_0.id,
        p1_0.direccion,
        p1_0.email,
        p1_0.nombre,
        p1_0.ruc,
        p1_0.telefono 
    from
        proveedores p1_0 
    where
        p1_0.id=?
2026-04-09 13:05:35 [http-nio-8080-exec-10] DEBUG org.hibernate.SQL - 
    select
        p1_0.id,
        p1_0.direccion,
        p1_0.email,
        p1_0.nombre,
        p1_0.ruc,
        p1_0.telefono 
    from
        proveedores p1_0 
    where
        p1_0.id=?
2026-04-09 13:05:35 [http-nio-8080-exec-8] DEBUG org.hibernate.SQL - 
    select
        c1_0.id,
        c1_0.activa,
        c1_0.descripcion,
        c1_0.fecha_actualizacion,
        c1_0.fecha_creacion,
        c1_0.icono_url,
        c1_0.nombre,
        c1_0.orden,
        c1_0.tipo 
    from
        categorias c1_0 
    where
        c1_0.id=?
2026-04-09 13:05:35 [http-nio-8080-exec-9] DEBUG o.s.w.s.m.m.a.HttpEntityMethodProcessor - Using 'application/json', given [application/json, text/plain, */*] and supported [application/json, application/*+json]
2026-04-09 13:05:35 [http-nio-8080-exec-9] DEBUG o.s.w.s.m.m.a.HttpEntityMethodProcessor - Writing [Page 1 of 1 containing com.pretor_sport.app.dto.response.ProductoResponseDTO instances]
2026-04-09 13:05:35 [http-nio-8080-exec-10] DEBUG o.s.w.s.m.m.a.HttpEntityMethodProcessor - Using 'application/json', given [application/json, text/plain, */*] and supported [application/json, application/*+json]
2026-04-09 13:05:35 [http-nio-8080-exec-10] DEBUG o.s.w.s.m.m.a.HttpEntityMethodProcessor - Writing [Page 1 of 1 containing com.pretor_sport.app.dto.response.ProductoResponseDTO instances]
2026-04-09 13:05:35 [http-nio-8080-exec-8] DEBUG org.hibernate.SQL - 
    select
        p1_0.id,
        p1_0.direccion,
        p1_0.email,
        p1_0.nombre,
        p1_0.ruc,
        p1_0.telefono 
    from
        proveedores p1_0 
    where
        p1_0.id=?
2026-04-09 13:05:35 [http-nio-8080-exec-9] DEBUG org.hibernate.SQL - 
    select
        c1_0.producto_id,
        c1_0.caracteristica 
    from
        producto_caracteristicas c1_0 
    where
        c1_0.producto_id=?
2026-04-09 13:05:35 [http-nio-8080-exec-10] DEBUG org.hibernate.SQL - 
    select
        c1_0.producto_id,
        c1_0.caracteristica 
    from
        producto_caracteristicas c1_0 
    where
        c1_0.producto_id=?
2026-04-09 13:05:35 [http-nio-8080-exec-8] DEBUG o.s.w.s.m.m.a.HttpEntityMethodProcessor - Using 'application/json', given [application/json, text/plain, */*] and supported [application/json, application/*+json]
2026-04-09 13:05:35 [http-nio-8080-exec-9] DEBUG org.hibernate.SQL - 
    select
        c1_0.producto_id,
        c1_0.caracteristica 
    from
        producto_caracteristicas c1_0 
    where
        c1_0.producto_id=?
2026-04-09 13:05:35 [http-nio-8080-exec-8] DEBUG o.s.w.s.m.m.a.HttpEntityMethodProcessor - Writing [Page 1 of 1 containing com.pretor_sport.app.dto.response.ProductoResponseDTO instances]
2026-04-09 13:05:35 [http-nio-8080-exec-8] DEBUG org.hibernate.SQL - 
    select
        c1_0.producto_id,
        c1_0.caracteristica 
    from
        producto_caracteristicas c1_0 
    where
        c1_0.producto_id=?
2026-04-09 13:05:35 [http-nio-8080-exec-10] DEBUG org.hibernate.SQL - 
    select
        c1_0.producto_id,
        c1_0.caracteristica 
    from
        producto_caracteristicas c1_0 
    where
        c1_0.producto_id=?
2026-04-09 13:05:35 [http-nio-8080-exec-9] DEBUG o.s.web.servlet.DispatcherServlet - Completed 200 OK
2026-04-09 13:05:35 [http-nio-8080-exec-8] DEBUG org.hibernate.SQL - 
    select
        c1_0.producto_id,
        c1_0.caracteristica 
    from
        producto_caracteristicas c1_0 
    where
        c1_0.producto_id=?
2026-04-09 13:05:35 [http-nio-8080-exec-10] DEBUG o.s.web.servlet.DispatcherServlet - Completed 200 OK
2026-04-09 13:05:35 [http-nio-8080-exec-8] DEBUG o.s.web.servlet.DispatcherServlet - Completed 200 OK
2026-04-09 13:06:56 [SpringApplicationShutdownHook] INFO  o.s.b.w.e.tomcat.GracefulShutdown - Commencing graceful shutdown. Waiting for active requests to complete
2026-04-09 13:06:56 [tomcat-shutdown] INFO  o.s.b.w.e.tomcat.GracefulShutdown - Graceful shutdown complete
2026-04-09 13:06:56 [SpringApplicationShutdownHook] INFO  o.s.o.j.LocalContainerEntityManagerFactoryBean - Closing JPA EntityManagerFactory for persistence unit 'default'
2026-04-09 13:06:56 [SpringApplicationShutdownHook] INFO  com.zaxxer.hikari.HikariDataSource - HikariPool-1 - Shutdown initiated...
2026-04-09 13:06:56 [SpringApplicationShutdownHook] INFO  com.zaxxer.hikari.HikariDataSource - HikariPool-1 - Shutdown completed.
